TN:
SF:src\App.tsx
FN:7,App
FN:15,(anonymous_1)
FNF:2
FNH:1
FNDA:1,App
FNDA:0,(anonymous_1)
DA:8,1
DA:10,1
DA:16,0
LF:3
LH:2
BRDA:19,0,0,1
BRDA:19,0,1,0
BRDA:22,1,0,1
BRDA:22,1,1,0
BRF:4
BRH:2
end_of_record
TN:
SF:src\interfaces\question.ts
FNF:0
FNH:0
LF:0
LH:0
BRF:0
BRH:0
end_of_record
TN:
SF:src\interfaces\quiz.ts
FNF:0
FNH:0
LF:0
LH:0
BRF:0
BRH:0
end_of_record
TN:
SF:src\quizzer\AddQuizModal.tsx
FN:4,(anonymous_0)
FN:16,(anonymous_1)
FN:34,(anonymous_2)
FN:43,(anonymous_3)
FN:50,(anonymous_4)
FNF:5
FNH:2
FNDA:17,(anonymous_0)
FNDA:1,(anonymous_1)
FNDA:0,(anonymous_2)
FNDA:0,(anonymous_3)
FNDA:0,(anonymous_4)
DA:4,2
DA:13,17
DA:14,17
DA:16,17
DA:17,1
DA:18,1
DA:19,1
DA:20,1
DA:23,17
DA:36,0
DA:43,0
DA:51,0
DA:52,0
DA:53,0
LF:14
LH:9
BRF:0
BRH:0
end_of_record
TN:
SF:src\quizzer\QuestionEdit.tsx
FN:7,(anonymous_0)
FN:23,(anonymous_1)
FN:26,(anonymous_2)
FN:38,(anonymous_3)
FN:48,(anonymous_4)
FN:53,(anonymous_5)
FN:66,(anonymous_6)
FN:89,(anonymous_7)
FN:162,(anonymous_8)
FN:177,(anonymous_9)
FN:196,(anonymous_10)
FN:216,(anonymous_11)
FN:225,(anonymous_12)
FN:241,(anonymous_13)
FN:250,(anonymous_14)
FNF:15
FNH:0
FNDA:0,(anonymous_0)
FNDA:0,(anonymous_1)
FNDA:0,(anonymous_2)
FNDA:0,(anonymous_3)
FNDA:0,(anonymous_4)
FNDA:0,(anonymous_5)
FNDA:0,(anonymous_6)
FNDA:0,(anonymous_7)
FNDA:0,(anonymous_8)
FNDA:0,(anonymous_9)
FNDA:0,(anonymous_10)
FNDA:0,(anonymous_11)
FNDA:0,(anonymous_12)
FNDA:0,(anonymous_13)
FNDA:0,(anonymous_14)
DA:7,2
DA:22,0
DA:23,0
DA:26,0
DA:27,0
DA:29,0
DA:30,0
DA:38,0
DA:39,0
DA:40,0
DA:48,0
DA:49,0
DA:50,0
DA:53,0
DA:57,0
DA:58,0
DA:59,0
DA:66,0
DA:67,0
DA:68,0
DA:69,0
DA:75,0
DA:92,0
DA:165,0
DA:178,0
DA:199,0
DA:217,0
DA:226,0
DA:242,0
DA:251,0
LF:30
LH:1
BRDA:29,0,0,0
BRDA:29,0,1,0
BRDA:62,1,0,0
BRDA:62,1,1,0
BRDA:111,2,0,0
BRDA:111,2,1,0
BRDA:142,3,0,0
BRDA:142,3,1,0
BRDA:157,4,0,0
BRDA:157,4,1,0
BRDA:173,5,0,0
BRDA:173,5,1,0
BRF:12
BRH:0
end_of_record
TN:
SF:src\quizzer\QuizCard.tsx
FN:7,(anonymous_0)
FN:12,(anonymous_1)
FN:21,(anonymous_2)
FNF:3
FNH:3
FNDA:86,(anonymous_0)
FNDA:340,(anonymous_1)
FNDA:10,(anonymous_2)
DA:7,2
DA:11,86
DA:13,340
DA:16,86
DA:22,10
LF:5
LH:5
BRDA:13,0,0,340
BRDA:13,0,1,289
BRDA:13,0,2,153
BRDA:29,1,0,86
BRDA:29,1,1,0
BRF:5
BRH:4
end_of_record
TN:
SF:src\quizzer\QuizEdit.tsx
FN:9,(anonymous_0)
FN:21,(anonymous_1)
FN:25,(anonymous_2)
FN:30,(anonymous_3)
FN:34,(anonymous_4)
FN:39,(anonymous_5)
FN:43,(anonymous_6)
FN:47,(anonymous_7)
FN:65,(anonymous_8)
FN:82,(anonymous_9)
FN:97,(anonymous_10)
FN:105,(anonymous_11)
FN:121,(anonymous_12)
FN:147,(anonymous_13)
FN:160,(anonymous_14)
FNF:15
FNH:0
FNDA:0,(anonymous_0)
FNDA:0,(anonymous_1)
FNDA:0,(anonymous_2)
FNDA:0,(anonymous_3)
FNDA:0,(anonymous_4)
FNDA:0,(anonymous_5)
FNDA:0,(anonymous_6)
FNDA:0,(anonymous_7)
FNDA:0,(anonymous_8)
FNDA:0,(anonymous_9)
FNDA:0,(anonymous_10)
FNDA:0,(anonymous_11)
FNDA:0,(anonymous_12)
FNDA:0,(anonymous_13)
FNDA:0,(anonymous_14)
DA:9,2
DA:19,0
DA:21,0
DA:22,0
DA:25,0
DA:30,0
DA:31,0
DA:34,0
DA:39,0
DA:40,0
DA:43,0
DA:44,0
DA:48,0
DA:49,0
DA:50,0
DA:56,0
DA:68,0
DA:85,0
DA:98,0
DA:106,0
DA:122,0
DA:148,0
DA:149,0
DA:161,0
DA:162,0
LF:25
LH:1
BRDA:25,0,0,0
BRDA:25,0,1,0
BRDA:48,1,0,0
BRDA:48,1,1,0
BRDA:49,2,0,0
BRDA:49,2,1,0
BRF:6
BRH:0
end_of_record
TN:
SF:src\quizzer\QuizExpanded.tsx
FN:9,(anonymous_0)
FN:20,(anonymous_1)
FN:29,(anonymous_2)
FN:36,(anonymous_3)
FN:40,(anonymous_4)
FN:41,(anonymous_5)
FN:44,(anonymous_6)
FN:49,(anonymous_7)
FN:56,(anonymous_8)
FN:60,(anonymous_9)
FN:79,(anonymous_10)
FN:96,(anonymous_11)
FNF:12
FNH:4
FNDA:50,(anonymous_0)
FNDA:200,(anonymous_1)
FNDA:0,(anonymous_2)
FNDA:140,(anonymous_3)
FNDA:0,(anonymous_4)
FNDA:0,(anonymous_5)
FNDA:0,(anonymous_6)
FNDA:0,(anonymous_7)
FNDA:0,(anonymous_8)
FNDA:0,(anonymous_9)
FNDA:0,(anonymous_10)
FNDA:140,(anonymous_11)
DA:9,2
DA:19,50
DA:21,200
DA:24,50
DA:25,50
DA:29,50
DA:30,0
DA:31,0
DA:32,0
DA:35,50
DA:36,140
DA:40,50
DA:41,0
DA:44,50
DA:45,0
DA:46,0
DA:49,0
DA:53,0
DA:56,50
DA:57,0
DA:60,0
DA:65,50
DA:80,0
DA:81,0
DA:97,140
LF:25
LH:13
BRDA:21,0,0,200
BRDA:21,0,1,170
BRDA:21,0,2,90
BRDA:60,1,0,0
BRDA:60,1,1,0
BRDA:72,2,0,50
BRDA:72,2,1,0
BRF:7
BRH:4
end_of_record
TN:
SF:src\quizzer\QuizList.tsx
FN:8,(anonymous_0)
FN:21,(anonymous_1)
FN:25,(anonymous_2)
FN:33,(anonymous_3)
FN:47,(anonymous_4)
FNF:5
FNH:4
FNDA:27,(anonymous_0)
FNDA:10,(anonymous_1)
FNDA:0,(anonymous_2)
FNDA:86,(anonymous_3)
FNDA:50,(anonymous_4)
DA:8,2
DA:19,27
DA:21,27
DA:22,10
DA:25,27
DA:26,0
DA:29,27
DA:34,86
DA:48,50
LF:9
LH:8
BRDA:31,0,0,27
BRDA:31,0,1,17
BRDA:45,1,0,27
BRDA:45,1,1,10
BRF:4
BRH:4
end_of_record
TN:
SF:src\quizzer\QuizQuestion.tsx
FN:8,(anonymous_0)
FN:23,(anonymous_1)
FN:29,(anonymous_2)
FN:61,(anonymous_3)
FNF:4
FNH:2
FNDA:140,(anonymous_0)
FNDA:0,(anonymous_1)
FNDA:0,(anonymous_2)
FNDA:120,(anonymous_3)
DA:8,2
DA:23,140
DA:24,0
DA:25,0
DA:29,140
DA:30,0
DA:31,0
DA:32,0
DA:36,140
DA:62,120
LF:10
LH:5
BRDA:24,0,0,0
BRDA:24,0,1,0
BRDA:31,1,0,0
BRDA:31,1,1,0
BRDA:45,2,0,90
BRDA:45,2,1,50
BRDA:49,3,0,140
BRDA:49,3,1,90
BRDA:58,4,0,140
BRDA:58,4,1,50
BRDA:76,5,0,0
BRDA:76,5,1,140
BRDA:77,6,0,40
BRDA:77,6,1,100
BRF:14
BRH:9
end_of_record
TN:
SF:src\quizzer\QuizView.tsx
FN:8,(anonymous_0)
FN:20,(anonymous_1)
FNF:2
FNH:1
FNDA:50,(anonymous_0)
FNDA:0,(anonymous_1)
DA:8,2
DA:18,50
DA:20,50
DA:21,0
DA:24,50
LF:5
LH:4
BRDA:26,0,0,50
BRDA:26,0,1,0
BRDA:35,1,0,50
BRDA:35,1,1,50
BRF:4
BRH:3
end_of_record
TN:
SF:src\quizzer\Quizzer.tsx
FN:11,(anonymous_0)
FN:14,(anonymous_1)
FN:23,(anonymous_2)
FN:27,editQuiz
FN:29,(anonymous_4)
FN:33,addQuiz
FN:45,deleteQuiz
FN:46,(anonymous_7)
FN:49,(anonymous_8)
FN:50,(anonymous_9)
FNF:10
FNH:6
FNDA:10,(anonymous_0)
FNDA:40,(anonymous_1)
FNDA:18,(anonymous_2)
FNDA:0,editQuiz
FNDA:0,(anonymous_4)
FNDA:1,addQuiz
FNDA:0,deleteQuiz
FNDA:0,(anonymous_7)
FNDA:1,(anonymous_8)
FNDA:1,(anonymous_9)
DA:10,2
DA:11,10
DA:14,40
DA:23,2
DA:24,18
DA:25,17
DA:28,0
DA:29,0
DA:34,1
DA:46,0
DA:49,17
DA:50,17
DA:52,17
LF:13
LH:10
BRDA:29,0,0,0
BRDA:29,0,1,0
BRF:2
BRH:0
end_of_record
